# JRE version: Java(TM) SE Runtime Environment (8.0_131-b11) (build 1.8.0_131-b11)
# Java VM: Java HotSpot(TM) 64-Bit Server VM (25.131-b11 mixed mode linux-amd64 compressed oops)
Heap:
 PSYoungGen      total 1006592K, used 126297K [0x00000006c0000000, 0x0000000709100000, 0x00000007c0000000)
  eden space 818688K, 0% used [0x00000006c0000000,0x00000006c0000000,0x00000006f1f80000)
  from space 187904K, 67% used [0x00000006f1f80000,0x00000006f9ad6708,0x00000006fd700000)
  to   space 187392K, 0% used [0x00000006fd700000,0x00000006fd700000,0x0000000708e00000)
 ParOldGen       total 816640K, used 669563K [0x00000004c0000000, 0x00000004f1d80000, 0x00000006c0000000)
  object space 816640K, 81% used [0x00000004c0000000,0x00000004e8ddee78,0x00000004f1d80000)
 Metaspace       used 7425K, capacity 7896K, committed 8192K, reserved 1056768K
  class space    used 676K, capacity 720K, committed 768K, reserved 1048576K
GC Heap History (10 events):
Event: 139.652 GC heap after
Heap after GC invocations=32 (full 7):
 PSYoungGen      total 785408K, used 49679K [0x00000006c0000000, 0x0000000700700000, 0x00000007c0000000)
  eden space 603136K, 0% used [0x00000006c0000000,0x00000006c0000000,0x00000006e4d00000)
  from space 182272K, 27% used [0x00000006e4d00000,0x00000006e7d83dd0,0x00000006eff00000)
  to   space 175104K, 0% used [0x00000006f5c00000,0x00000006f5c00000,0x0000000700700000)
 ParOldGen       total 891392K, used 691007K [0x00000004c0000000, 0x00000004f6680000, 0x00000006c0000000)
  object space 891392K, 77% used [0x00000004c0000000,0x00000004ea2cfe00,0x00000004f6680000)
 Metaspace       used 6571K, capacity 7320K, committed 7680K, reserved 1056768K
  class space    used 620K, capacity 656K, committed 768K, reserved 1048576K
}
Event: 160.360 GC heap before
{Heap before GC invocations=33 (full 7):
 PSYoungGen      total 785408K, used 652815K [0x00000006c0000000, 0x0000000700700000, 0x00000007c0000000)
  eden space 603136K, 100% used [0x00000006c0000000,0x00000006e4d00000,0x00000006e4d00000)
  from space 182272K, 27% used [0x00000006e4d00000,0x00000006e7d83dd0,0x00000006eff00000)
  to   space 175104K, 0% used [0x00000006f5c00000,0x00000006f5c00000,0x0000000700700000)
 ParOldGen       total 891392K, used 691007K [0x00000004c0000000, 0x00000004f6680000, 0x00000006c0000000)
  object space 891392K, 77% used [0x00000004c0000000,0x00000004ea2cfe00,0x00000004f6680000)
 Metaspace       used 6928K, capacity 7672K, committed 7936K, reserved 1056768K
  class space    used 639K, capacity 688K, committed 768K, reserved 1048576K
Event: 172.083 GC heap after
Heap after GC invocations=33 (full 7):
 PSYoungGen      total 876032K, used 110652K [0x00000006c0000000, 0x0000000701180000, 0x00000007c0000000)
  eden space 700928K, 0% used [0x00000006c0000000,0x00000006c0000000,0x00000006eac80000)
  from space 175104K, 63% used [0x00000006f5c00000,0x00000006fc80f1b0,0x0000000700700000)
  to   space 179712K, 0% used [0x00000006eac80000,0x00000006eac80000,0x00000006f5c00000)
 ParOldGen       total 891392K, used 738962K [0x00000004c0000000, 0x00000004f6680000, 0x00000006c0000000)
  object space 891392K, 82% used [0x00000004c0000000,0x00000004ed1a4b98,0x00000004f6680000)
 Metaspace       used 6928K, capacity 7672K, committed 7936K, reserved 1056768K
  class space    used 639K, capacity 688K, committed 768K, reserved 1048576K
}
Event: 190.195 GC heap before
{Heap before GC invocations=34 (full 7):
 PSYoungGen      total 876032K, used 811580K [0x00000006c0000000, 0x0000000701180000, 0x00000007c0000000)
  eden space 700928K, 100% used [0x00000006c0000000,0x00000006eac80000,0x00000006eac80000)
  from space 175104K, 63% used [0x00000006f5c00000,0x00000006fc80f1b0,0x0000000700700000)
  to   space 179712K, 0% used [0x00000006eac80000,0x00000006eac80000,0x00000006f5c00000)
 ParOldGen       total 891392K, used 738963K [0x00000004c0000000, 0x00000004f6680000, 0x00000006c0000000)
  object space 891392K, 82% used [0x00000004c0000000,0x00000004ed1a4de8,0x00000004f6680000)
 Metaspace       used 7419K, capacity 7896K, committed 8192K, reserved 1056768K
  class space    used 675K, capacity 720K, committed 768K, reserved 1048576K
Event: 196.515 GC heap after
Heap after GC invocations=34 (full 7):
 PSYoungGen      total 880640K, used 123410K [0x00000006c0000000, 0x0000000708e00000, 0x00000007c0000000)
  eden space 700928K, 0% used [0x00000006c0000000,0x00000006c0000000,0x00000006eac80000)
  from space 179712K, 68% used [0x00000006eac80000,0x00000006f2504b40,0x00000006f5c00000)
  to   space 187392K, 0% used [0x00000006fd700000,0x00000006fd700000,0x0000000708e00000)
 ParOldGen       total 891392K, used 839203K [0x00000004c0000000, 0x00000004f6680000, 0x00000006c0000000)
  object space 891392K, 94% used [0x00000004c0000000,0x00000004f3388d88,0x00000004f6680000)
 Metaspace       used 7419K, capacity 7896K, committed 8192K, reserved 1056768K
  class space    used 675K, capacity 720K, committed 768K, reserved 1048576K
}
Event: 197.556 GC heap before
{Heap before GC invocations=35 (full 8):
 PSYoungGen      total 880640K, used 123410K [0x00000006c0000000, 0x0000000708e00000, 0x00000007c0000000)
  eden space 700928K, 0% used [0x00000006c0000000,0x00000006c0000000,0x00000006eac80000)
  from space 179712K, 68% used [0x00000006eac80000,0x00000006f2504b40,0x00000006f5c00000)
  to   space 187392K, 0% used [0x00000006fd700000,0x00000006fd700000,0x0000000708e00000)
 ParOldGen       total 891392K, used 839203K [0x00000004c0000000, 0x00000004f6680000, 0x00000006c0000000)
  object space 891392K, 94% used [0x00000004c0000000,0x00000004f3388d88,0x00000004f6680000)
 Metaspace       used 7419K, capacity 7896K, committed 8192K, reserved 1056768K
  class space    used 675K, capacity 720K, committed 768K, reserved 1048576K
Event: 214.197 GC heap after
Heap after GC invocations=35 (full 8):
 PSYoungGen      total 880640K, used 0K [0x00000006c0000000, 0x0000000708e00000, 0x00000007c0000000)
  eden space 700928K, 0% used [0x00000006c0000000,0x00000006c0000000,0x00000006eac80000)
  from space 179712K, 0% used [0x00000006eac80000,0x00000006eac80000,0x00000006f5c00000)
  to   space 187392K, 0% used [0x00000006fd700000,0x00000006fd700000,0x0000000708e00000)
 ParOldGen       total 816640K, used 564605K [0x00000004c0000000, 0x00000004f1d80000, 0x00000006c0000000)
  object space 816640K, 69% used [0x00000004c0000000,0x00000004e275f6f8,0x00000004f1d80000)
 Metaspace       used 7419K, capacity 7896K, committed 8192K, reserved 1056768K
  class space    used 675K, capacity 720K, committed 768K, reserved 1048576K
}
Event: 239.009 GC heap before
{Heap before GC invocations=36 (full 8):
 PSYoungGen      total 880640K, used 700928K [0x00000006c0000000, 0x0000000708e00000, 0x00000007c0000000)
  eden space 700928K, 100% used [0x00000006c0000000,0x00000006eac80000,0x00000006eac80000)
  from space 179712K, 0% used [0x00000006eac80000,0x00000006eac80000,0x00000006f5c00000)
  to   space 187392K, 0% used [0x00000006fd700000,0x00000006fd700000,0x0000000708e00000)
 ParOldGen       total 816640K, used 564607K [0x00000004c0000000, 0x00000004f1d80000, 0x00000006c0000000)
  object space 816640K, 69% used [0x00000004c0000000,0x00000004e275ffd8,0x00000004f1d80000)
 Metaspace       used 7425K, capacity 7896K, committed 8192K, reserved 1056768K
  class space    used 676K, capacity 720K, committed 768K, reserved 1048576K
Event: 257.779 GC heap after
Heap after GC invocations=36 (full 8):
 PSYoungGen      total 1006080K, used 109063K [0x00000006c0000000, 0x0000000709100000, 0x00000007c0000000)
  eden space 818688K, 0% used [0x00000006c0000000,0x00000006c0000000,0x00000006f1f80000)
  from space 187392K, 58% used [0x00000006fd700000,0x0000000704181c58,0x0000000708e00000)
  to   space 187904K, 0% used [0x00000006f1f80000,0x00000006f1f80000,0x00000006fd700000)
 ParOldGen       total 816640K, used 564607K [0x00000004c0000000, 0x00000004f1d80000, 0x00000006c0000000)
  object space 816640K, 69% used [0x00000004c0000000,0x00000004e275ffd8,0x00000004f1d80000)
 Metaspace       used 7425K, capacity 7896K, committed 8192K, reserved 1056768K
  class space    used 676K, capacity 720K, committed 768K, reserved 1048576K
}
Event: 284.229 GC heap before
{Heap before GC invocations=37 (full 8):
 PSYoungGen      total 1006080K, used 927751K [0x00000006c0000000, 0x0000000709100000, 0x00000007c0000000)
  eden space 818688K, 100% used [0x00000006c0000000,0x00000006f1f80000,0x00000006f1f80000)
  from space 187392K, 58% used [0x00000006fd700000,0x0000000704181c58,0x0000000708e00000)
  to   space 187904K, 0% used [0x00000006f1f80000,0x00000006f1f80000,0x00000006fd700000)
 ParOldGen       total 816640K, used 564607K [0x00000004c0000000, 0x00000004f1d80000, 0x00000006c0000000)
  object space 816640K, 69% used [0x00000004c0000000,0x00000004e275ffd8,0x00000004f1d80000)
 Metaspace       used 7425K, capacity 7896K, committed 8192K, reserved 1056768K
  class space    used 676K, capacity 720K, committed 768K, reserved 1048576K

