# JRE version: Java(TM) SE Runtime Environment (8.0_131-b11) (build 1.8.0_131-b11)
# Java VM: Java HotSpot(TM) 64-Bit Server VM (25.131-b11 mixed mode linux-amd64 compressed oops)
Heap:
 PSYoungGen      total 966144K, used 142828K [0x00000006c0000000, 0x0000000704380000, 0x00000007c0000000)
  eden space 823296K, 0% used [0x00000006c0000000,0x00000006c0000000,0x00000006f2400000)
  from space 142848K, 99% used [0x00000006f2400000,0x00000006faf7b1f8,0x00000006faf80000)
  to   space 129024K, 0% used [0x00000006faf80000,0x00000006faf80000,0x0000000702d80000)
 ParOldGen       total 700928K, used 631659K [0x00000004c0000000, 0x00000004eac80000, 0x00000006c0000000)
  object space 700928K, 90% used [0x00000004c0000000,0x00000004e68dadf0,0x00000004eac80000)
 Metaspace       used 6575K, capacity 7320K, committed 7680K, reserved 1056768K
  class space    used 621K, capacity 656K, committed 768K, reserved 1048576K
GC Heap History (10 events):
Event: 69.122 GC heap after
Heap after GC invocations=23 (full 5):
 PSYoungGen      total 754688K, used 85793K [0x00000006c0000000, 0x00000006f6700000, 0x00000007c0000000)
  eden space 656896K, 0% used [0x00000006c0000000,0x00000006c0000000,0x00000006e8180000)
  from space 97792K, 87% used [0x00000006eed80000,0x00000006f41484e8,0x00000006f4d00000)
  to   space 110592K, 0% used [0x00000006e8180000,0x00000006e8180000,0x00000006eed80000)
 ParOldGen       total 407552K, used 327749K [0x00000004c0000000, 0x00000004d8e00000, 0x00000006c0000000)
  object space 407552K, 80% used [0x00000004c0000000,0x00000004d4011718,0x00000004d8e00000)
 Metaspace       used 6560K, capacity 7320K, committed 7680K, reserved 1056768K
  class space    used 620K, capacity 656K, committed 768K, reserved 1048576K
}
Event: 80.999 GC heap before
{Heap before GC invocations=24 (full 5):
 PSYoungGen      total 754688K, used 742689K [0x00000006c0000000, 0x00000006f6700000, 0x00000007c0000000)
  eden space 656896K, 100% used [0x00000006c0000000,0x00000006e8180000,0x00000006e8180000)
  from space 97792K, 87% used [0x00000006eed80000,0x00000006f41484e8,0x00000006f4d00000)
  to   space 110592K, 0% used [0x00000006e8180000,0x00000006e8180000,0x00000006eed80000)
 ParOldGen       total 407552K, used 327749K [0x00000004c0000000, 0x00000004d8e00000, 0x00000006c0000000)
  object space 407552K, 80% used [0x00000004c0000000,0x00000004d4011718,0x00000004d8e00000)
 Metaspace       used 6564K, capacity 7320K, committed 7680K, reserved 1056768K
  class space    used 620K, capacity 656K, committed 768K, reserved 1048576K
Event: 88.366 GC heap after
Heap after GC invocations=24 (full 5):
 PSYoungGen      total 767488K, used 107559K [0x00000006c0000000, 0x0000000702d80000, 0x00000007c0000000)
  eden space 656896K, 0% used [0x00000006c0000000,0x00000006c0000000,0x00000006e8180000)
  from space 110592K, 97% used [0x00000006e8180000,0x00000006eea89d68,0x00000006eed80000)
  to   space 129024K, 0% used [0x00000006faf80000,0x00000006faf80000,0x0000000702d80000)
 ParOldGen       total 410624K, used 410162K [0x00000004c0000000, 0x00000004d9100000, 0x00000006c0000000)
  object space 410624K, 99% used [0x00000004c0000000,0x00000004d908cb18,0x00000004d9100000)
 Metaspace       used 6564K, capacity 7320K, committed 7680K, reserved 1056768K
  class space    used 620K, capacity 656K, committed 768K, reserved 1048576K
}
Event: 88.366 GC heap before
{Heap before GC invocations=25 (full 6):
 PSYoungGen      total 767488K, used 107559K [0x00000006c0000000, 0x0000000702d80000, 0x00000007c0000000)
  eden space 656896K, 0% used [0x00000006c0000000,0x00000006c0000000,0x00000006e8180000)
  from space 110592K, 97% used [0x00000006e8180000,0x00000006eea89d68,0x00000006eed80000)
  to   space 129024K, 0% used [0x00000006faf80000,0x00000006faf80000,0x0000000702d80000)
 ParOldGen       total 410624K, used 410162K [0x00000004c0000000, 0x00000004d9100000, 0x00000006c0000000)
  object space 410624K, 99% used [0x00000004c0000000,0x00000004d908cb18,0x00000004d9100000)
 Metaspace       used 6564K, capacity 7320K, committed 7680K, reserved 1056768K
  class space    used 620K, capacity 656K, committed 768K, reserved 1048576K
Event: 98.628 GC heap after
Heap after GC invocations=25 (full 6):
 PSYoungGen      total 767488K, used 101926K [0x00000006c0000000, 0x0000000702d80000, 0x00000007c0000000)
  eden space 656896K, 0% used [0x00000006c0000000,0x00000006c0000000,0x00000006e8180000)
  from space 110592K, 92% used [0x00000006e8180000,0x00000006ee509b88,0x00000006eed80000)
  to   space 129024K, 0% used [0x00000006faf80000,0x00000006faf80000,0x0000000702d80000)
 ParOldGen       total 541696K, used 410403K [0x00000004c0000000, 0x00000004e1100000, 0x00000006c0000000)
  object space 541696K, 75% used [0x00000004c0000000,0x00000004d90c8ed0,0x00000004e1100000)
 Metaspace       used 6564K, capacity 7320K, committed 7680K, reserved 1056768K
  class space    used 620K, capacity 656K, committed 768K, reserved 1048576K
}
Event: 108.862 GC heap before
{Heap before GC invocations=26 (full 6):
 PSYoungGen      total 767488K, used 758822K [0x00000006c0000000, 0x0000000702d80000, 0x00000007c0000000)
  eden space 656896K, 100% used [0x00000006c0000000,0x00000006e8180000,0x00000006e8180000)
  from space 110592K, 92% used [0x00000006e8180000,0x00000006ee509b88,0x00000006eed80000)
  to   space 129024K, 0% used [0x00000006faf80000,0x00000006faf80000,0x0000000702d80000)
 ParOldGen       total 541696K, used 410403K [0x00000004c0000000, 0x00000004e1100000, 0x00000006c0000000)
  object space 541696K, 75% used [0x00000004c0000000,0x00000004d90c8ed0,0x00000004e1100000)
 Metaspace       used 6575K, capacity 7320K, committed 7680K, reserved 1056768K
  class space    used 621K, capacity 656K, committed 768K, reserved 1048576K
Event: 123.773 GC heap after
Heap after GC invocations=26 (full 6):
 PSYoungGen      total 952320K, used 105876K [0x00000006c0000000, 0x0000000704380000, 0x00000007c0000000)
  eden space 823296K, 0% used [0x00000006c0000000,0x00000006c0000000,0x00000006f2400000)
  from space 129024K, 82% used [0x00000006faf80000,0x00000007016e51b0,0x0000000702d80000)
  to   space 142848K, 0% used [0x00000006f2400000,0x00000006f2400000,0x00000006faf80000)
 ParOldGen       total 541696K, used 508690K [0x00000004c0000000, 0x00000004e1100000, 0x00000006c0000000)
  object space 541696K, 93% used [0x00000004c0000000,0x00000004df0c4a18,0x00000004e1100000)
 Metaspace       used 6575K, capacity 7320K, committed 7680K, reserved 1056768K
  class space    used 621K, capacity 656K, committed 768K, reserved 1048576K
}
Event: 123.774 GC heap before
{Heap before GC invocations=27 (full 7):
 PSYoungGen      total 952320K, used 105876K [0x00000006c0000000, 0x0000000704380000, 0x00000007c0000000)
  eden space 823296K, 0% used [0x00000006c0000000,0x00000006c0000000,0x00000006f2400000)
  from space 129024K, 82% used [0x00000006faf80000,0x00000007016e51b0,0x0000000702d80000)
  to   space 142848K, 0% used [0x00000006f2400000,0x00000006f2400000,0x00000006faf80000)
 ParOldGen       total 541696K, used 508690K [0x00000004c0000000, 0x00000004e1100000, 0x00000006c0000000)
  object space 541696K, 93% used [0x00000004c0000000,0x00000004df0c4a18,0x00000004e1100000)
 Metaspace       used 6575K, capacity 7320K, committed 7680K, reserved 1056768K
  class space    used 621K, capacity 656K, committed 768K, reserved 1048576K
Event: 128.200 GC heap after
Heap after GC invocations=27 (full 7):
 PSYoungGen      total 952320K, used 71032K [0x00000006c0000000, 0x0000000704380000, 0x00000007c0000000)
  eden space 823296K, 0% used [0x00000006c0000000,0x00000006c0000000,0x00000006f2400000)
  from space 129024K, 55% used [0x00000006faf80000,0x00000006ff4de188,0x0000000702d80000)
  to   space 142848K, 0% used [0x00000006f2400000,0x00000006f2400000,0x00000006faf80000)
 ParOldGen       total 700928K, used 541421K [0x00000004c0000000, 0x00000004eac80000, 0x00000006c0000000)
  object space 700928K, 77% used [0x00000004c0000000,0x00000004e10bb438,0x00000004eac80000)
 Metaspace       used 6575K, capacity 7320K, committed 7680K, reserved 1056768K
  class space    used 621K, capacity 656K, committed 768K, reserved 1048576K
}
Event: 136.758 GC heap before
{Heap before GC invocations=28 (full 7):
 PSYoungGen      total 952320K, used 894328K [0x00000006c0000000, 0x0000000704380000, 0x00000007c0000000)
  eden space 823296K, 100% used [0x00000006c0000000,0x00000006f2400000,0x00000006f2400000)
  from space 129024K, 55% used [0x00000006faf80000,0x00000006ff4de188,0x0000000702d80000)
  to   space 142848K, 0% used [0x00000006f2400000,0x00000006f2400000,0x00000006faf80000)
 ParOldGen       total 700928K, used 541421K [0x00000004c0000000, 0x00000004eac80000, 0x00000006c0000000)
  object space 700928K, 77% used [0x00000004c0000000,0x00000004e10bb438,0x00000004eac80000)
 Metaspace       used 6575K, capacity 7320K, committed 7680K, reserved 1056768K
  class space    used 621K, capacity 656K, committed 768K, reserved 1048576K

